  main.cpp
C:\Users\Andrew\Documents\Информатика\просто так\sapper\main.cpp(82,25): warning C4018: <: несоответствие типов со знаком и без знака
C:\Users\Andrew\Documents\Информатика\просто так\sapper\main.cpp(83,27): warning C4018: <: несоответствие типов со знаком и без знака
C:\Users\Andrew\Documents\Информатика\просто так\sapper\main.cpp(85,47): warning C4244: аргумент: преобразование "size_t" в "T", возможна потеря данных
          with
          [
              T=float
          ]
C:\Users\Andrew\Documents\Информатика\просто так\sapper\main.cpp(85,39): warning C4244: аргумент: преобразование "size_t" в "T", возможна потеря данных
          with
          [
              T=float
          ]
C:\Users\Andrew\Documents\Информатика\просто так\sapper\main.cpp(135,25): warning C4018: <: несоответствие типов со знаком и без знака
C:\Users\Andrew\Documents\Информатика\просто так\sapper\main.cpp(137,27): warning C4018: <: несоответствие типов со знаком и без знака
C:\Users\Andrew\Documents\Информатика\просто так\sapper\main.cpp(198,25): warning C4018: <: несоответствие типов со знаком и без знака
C:\Users\Andrew\Documents\Информатика\просто так\sapper\main.cpp(199,27): warning C4018: <: несоответствие типов со знаком и без знака
  Создание кода
  Previous IPDB not found, fall back to full compilation.
  All 727 functions were compiled because no usable IPDB/IOBJ from previous compilation was found.
  Создание кода завершено
  sapper.vcxproj -> C:\Users\Andrew\Documents\Информатика\просто так\sapper\Release\minesweeper.exe
